<?xml version="1.0" encoding="UTF-8"?>
<!-- Generated by org.testng.reporters.JUnitReportReporter -->
<testsuite hostname="ISS460602003507" name="com.testng0718.FrameCase" tests="6" failures="2" timestamp="27 Jul 2020 04:00:40 GMT" time="76.329" errors="0">
  <testcase name="promptCase" time="17.363" classname="com.testng0718.FrameCase"/>
  <testcase name="alertCase" time="9.163" classname="com.testng0718.FrameCase">
    <failure type="java.lang.NoClassDefFoundError" message="selenium/pageobject/PageElements">
      <![CDATA[java.lang.NoClassDefFoundError: selenium/pageobject/PageElements
	at com.testng0718.FrameCase.alertCase(FrameCase.java:43)
	at sun.reflect.NativeMethodAccessorImpl.invoke0(Native Method)
	at sun.reflect.NativeMethodAccessorImpl.invoke(NativeMethodAccessorImpl.java:62)
	at sun.reflect.DelegatingMethodAccessorImpl.invoke(DelegatingMethodAccessorImpl.java:43)
	at java.lang.reflect.Method.invoke(Method.java:498)
	at org.testng.internal.MethodInvocationHelper.invokeMethod(MethodInvocationHelper.java:84)
	at org.testng.internal.Invoker.invokeMethod(Invoker.java:714)
	at org.testng.internal.Invoker.invokeTestMethod(Invoker.java:901)
	at org.testng.internal.Invoker.invokeTestMethods(Invoker.java:1231)
	at org.testng.internal.TestMethodWorker.invokeTestMethods(TestMethodWorker.java:127)
	at org.testng.internal.TestMethodWorker.run(TestMethodWorker.java:111)
	at java.util.concurrent.ThreadPoolExecutor.runWorker(ThreadPoolExecutor.java:1142)
	at java.util.concurrent.ThreadPoolExecutor$Worker.run(ThreadPoolExecutor.java:617)
	at java.lang.Thread.run(Thread.java:745)
Caused by: java.lang.ClassNotFoundException: selenium.pageobject.PageElements
	at java.net.URLClassLoader.findClass(URLClassLoader.java:381)
	at java.lang.ClassLoader.loadClass(ClassLoader.java:424)
	at sun.misc.Launcher$AppClassLoader.loadClass(Launcher.java:331)
	at java.lang.ClassLoader.loadClass(ClassLoader.java:357)
	... 14 more
]]>
    </failure>
  </testcase> <!-- alertCase -->
  <testcase name="dropDownListCase" time="9.886" classname="com.testng0718.FrameCase"/>
  <testcase name="iframeCase" time="27.521" classname="com.testng0718.FrameCase"/>
  <testcase name="multiWindowTest" time="6.725" classname="com.testng0718.FrameCase"/>
  <testcase name="confirmCase" time="5.671" classname="com.testng0718.FrameCase">
    <failure type="java.lang.NoClassDefFoundError" message="selenium/pageobject/PageElements">
      <![CDATA[java.lang.NoClassDefFoundError: selenium/pageobject/PageElements
	at com.testng0718.FrameCase.confirmCase(FrameCase.java:66)
	at sun.reflect.NativeMethodAccessorImpl.invoke0(Native Method)
	at sun.reflect.NativeMethodAccessorImpl.invoke(NativeMethodAccessorImpl.java:62)
	at sun.reflect.DelegatingMethodAccessorImpl.invoke(DelegatingMethodAccessorImpl.java:43)
	at java.lang.reflect.Method.invoke(Method.java:498)
	at org.testng.internal.MethodInvocationHelper.invokeMethod(MethodInvocationHelper.java:84)
	at org.testng.internal.Invoker.invokeMethod(Invoker.java:714)
	at org.testng.internal.Invoker.invokeTestMethod(Invoker.java:901)
	at org.testng.internal.Invoker.invokeTestMethods(Invoker.java:1231)
	at org.testng.internal.TestMethodWorker.invokeTestMethods(TestMethodWorker.java:127)
	at org.testng.internal.TestMethodWorker.run(TestMethodWorker.java:111)
	at java.util.concurrent.ThreadPoolExecutor.runWorker(ThreadPoolExecutor.java:1142)
	at java.util.concurrent.ThreadPoolExecutor$Worker.run(ThreadPoolExecutor.java:617)
	at java.lang.Thread.run(Thread.java:745)
]]>
    </failure>
  </testcase> <!-- confirmCase -->
</testsuite> <!-- com.testng0718.FrameCase -->
